<?xml version="1.0" encoding="UTF-8"?>
<testsuite xmlns:xsi="http://www.w3.org/2001/XMLSchema-instance" xsi:noNamespaceSchemaLocation="https://maven.apache.org/surefire/maven-surefire-plugin/xsd/surefire-test-report.xsd" name="com.home.TestRunner" time="4.634" tests="9" errors="0" skipped="0" failures="0">
  <properties>
[...]
</properties>
  <testcase name="testAll[1][1]" classname="com.home.TestRunner" time="2.5"/>
  <testcase name="testAll[2][1]" classname="com.home.TestRunner" time="0.277"/>
  <testcase name="testAll[3][1]" classname="com.home.TestRunner" time="0.164"/>
  <testcase name="testAll[4][1]" classname="com.home.TestRunner" time="0.216"/>
  <testcase name="testAll[5][1]" classname="com.home.TestRunner" time="0.13"/>
  <testcase name="testAll[6][1]" classname="com.home.TestRunner" time="0.025"/>
  <testcase name="testAll[6][2]" classname="com.home.TestRunner" time="0.132"/>
  <testcase name="testAll[7][1]" classname="com.home.TestRunner" time="0.207"/>
  <testcase name="testAll[8][1]" classname="com.home.TestRunner" time="0.437"/>
</testsuite>